PoseSearch API Exploration
Started: 2026-01-04 16:13:10
================================================================================

Log file: C:\UnrealProjects\coding\unreal\motion_system\root-motion-matching-poc\api_exploration_20260104_161310.log

================================================================================
POSESEARCH API SYSTEMATIC EXPLORATION
================================================================================

================================================================================
DISCOVERING POSESEARCH CLASSES
================================================================================

Found 88 PoseSearch-related classes:

  ✓ unreal.AnimGraphNode_MotionMatching
  ✓ unreal.AnimGraphNode_MotionMatchingInteraction
  ✓ unreal.AnimGraphNode_PoseSearchComponentSpaceHistoryCollector
  ✓ unreal.AnimGraphNode_PoseSearchHistoryCollector
  ✓ unreal.AnimGraphNode_PoseSearchHistoryCollector_Base
  ✓ unreal.AnimNode_MotionMatching
  ✓ unreal.AnimNode_MotionMatchingInteraction
  ✓ unreal.AnimNode_PoseSearchComponentSpaceHistoryCollector
  ✓ unreal.AnimNode_PoseSearchHistoryCollector
  ✓ unreal.AnimNode_PoseSearchHistoryCollector_Base
  ✓ unreal.AnimNotifyState_PoseSearchBase
  ✓ unreal.AnimNotifyState_PoseSearchBlockTransition
  ✓ unreal.AnimNotifyState_PoseSearchBranchIn
  ✓ unreal.AnimNotifyState_PoseSearchExcludeFromDatabase
  ✓ unreal.AnimNotifyState_PoseSearchIKWindow
  ✓ unreal.AnimNotifyState_PoseSearchModifyCost
  ✓ unreal.AnimNotifyState_PoseSearchOverrideContinuingPoseCostBias
  ✓ unreal.AnimNotifyState_PoseSearchSamplingAttribute
  ✓ unreal.AnimNotifyState_PoseSearchSamplingEvent
  ✓ unreal.AnimNotify_PoseSearchBase
  ✓ unreal.AnimNotify_PoseSearchEvent
  ✓ unreal.MotionMatchingAnimNodeLibrary
  ✓ unreal.MotionMatchingAnimNodeReference
  ✓ unreal.MotionMatchingBlueprintBlendSettings
  ✓ unreal.MotionMatchingInteractionAnimNodeLibrary
  ✓ unreal.MotionMatchingInteractionAnimNodeReference
  ✓ unreal.PoseSearchAssetSamplerInput
  ✓ unreal.PoseSearchAssetSamplerLibrary
  ✓ unreal.PoseSearchAssetSamplerPose
  ✓ unreal.PoseSearchAssetSamplerSpace
  ✓ unreal.PoseSearchBlueprintResult
  ✓ unreal.PoseSearchBone
  ✓ unreal.PoseSearchContinuingProperties
  ✓ unreal.PoseSearchDataPreprocessor
  ✓ unreal.PoseSearchDatabase
  ✓ unreal.PoseSearchDatabaseAnimComposite
  ✓ unreal.PoseSearchDatabaseAnimMontage
  ✓ unreal.PoseSearchDatabaseAnimationAsset
  ✓ unreal.PoseSearchDatabaseAnimationAssetBase
  ✓ unreal.PoseSearchDatabaseBlendSpace
  ✓ unreal.PoseSearchDatabaseFactory
  ✓ unreal.PoseSearchDatabaseMultiAnimAsset
  ✓ unreal.PoseSearchDatabaseSequence
  ✓ unreal.PoseSearchEvent
  ✓ unreal.PoseSearchEventLibrary
  ✓ unreal.PoseSearchFeatureChannel
  ✓ unreal.PoseSearchFeatureChannel_Curve
  ✓ unreal.PoseSearchFeatureChannel_Distance
  ✓ unreal.PoseSearchFeatureChannel_FilterCrashingLegs
  ✓ unreal.PoseSearchFeatureChannel_Group
  ✓ unreal.PoseSearchFeatureChannel_GroupBase
  ✓ unreal.PoseSearchFeatureChannel_Heading
  ✓ unreal.PoseSearchFeatureChannel_Padding
  ✓ unreal.PoseSearchFeatureChannel_PermutationTime
  ✓ unreal.PoseSearchFeatureChannel_Phase
  ✓ unreal.PoseSearchFeatureChannel_Pose
  ✓ unreal.PoseSearchFeatureChannel_Position
  ✓ unreal.PoseSearchFeatureChannel_SamplingTime
  ✓ unreal.PoseSearchFeatureChannel_TimeToEvent
  ✓ unreal.PoseSearchFeatureChannel_Trajectory
  ✓ unreal.PoseSearchFeatureChannel_Velocity
  ✓ unreal.PoseSearchFutureProperties
  ✓ unreal.PoseSearchHistoryCollectorAnimNodeLibrary
  ✓ unreal.PoseSearchHistoryCollectorAnimNodeReference
  ✓ unreal.PoseSearchIKWindowConstraint
  ✓ unreal.PoseSearchInteractionAsset
  ✓ unreal.PoseSearchInteractionAssetFactory
  ✓ unreal.PoseSearchInteractionAssetItem
  ✓ unreal.PoseSearchInteractionAvailability
  ✓ unreal.PoseSearchInteractionAvailabilityEx
  ✓ unreal.PoseSearchInteractionLibrary
  ✓ unreal.PoseSearchInterruptMode
  ✓ unreal.PoseSearchLibrary
  ✓ unreal.PoseSearchMeshComponent
  ✓ unreal.PoseSearchMirrorOption
  ✓ unreal.PoseSearchMode
  ✓ unreal.PoseSearchNormalizationSet
  ✓ unreal.PoseSearchNormalizationSetFactory
  ✓ unreal.PoseSearchQueryTrajectory
  ✓ unreal.PoseSearchQueryTrajectorySample
  ✓ unreal.PoseSearchRoledSkeleton
  ✓ unreal.PoseSearchSchema
  ✓ unreal.PoseSearchSchemaFactory
  ✓ unreal.PoseSearchTrajectoryData
  ✓ unreal.PoseSearchTrajectoryLibrary
  ✓ unreal.PoseSearchTrajectoryPredictorInterface
  ✓ unreal.PoseSearchTrajectorySample
  ✓ unreal.PoseSearchTrajectory_WorldCollisionResults

================================================================================
EXPLORING: PoseSearchSchema
================================================================================

Total attributes: 49
Properties: 1
Methods: 24
Special: 24

--- PROPERTIES ---
  _wrapper_meta_data: PyWrapperBaseMetaData

--- METHODS ---
  _post_init()
  acquire_editor_element_handle()
  call_method()
  cast()
  get_class()
  get_default_object()
  get_editor_property()
  get_fname()
  get_full_name()
  get_name()
  get_outer()
  get_outermost()
  get_package()
  get_path_name()
  get_typed_outer()
  get_world()
  is_editor_property_overridden()
  is_package_external()
  modify()
  rename()
  reset_editor_property()
  set_editor_properties()
  set_editor_property()
  static_class()

================================================================================
EXPLORING: PoseSearchDatabase
================================================================================

Total attributes: 54
Properties: 4
Methods: 26
Special: 24

--- PROPERTIES ---
  _wrapper_meta_data: PyWrapperBaseMetaData
  normalization_set: getset_descriptor
  schema: getset_descriptor
  tags: getset_descriptor

--- METHODS ---
  _post_init()
  acquire_editor_element_handle()
  call_method()
  cast()
  get_animation_asset()
  get_class()
  get_default_object()
  get_editor_property()
  get_fname()
  get_full_name()
  get_name()
  get_num_animation_assets()
  get_outer()
  get_outermost()
  get_package()
  get_path_name()
  get_typed_outer()
  get_world()
  is_editor_property_overridden()
  is_package_external()
  modify()
  rename()
  reset_editor_property()
  set_editor_properties()
  set_editor_property()
  static_class()

================================================================================
EXPLORING INSTANCE: MannyMotionSchema Instance
================================================================================
Type: PoseSearchSchema
Class: PoseSearchSchema

--- EDITOR PROPERTIES (via get_editor_property) ---
  ✓ channels: Array = []

--- ALL EDITOR PROPERTIES (via reflection) ---
  Static class: <Object '/Script/PoseSearch.PoseSearchSchema' (0x000002189AFAEB00) Class 'Class'>

================================================================================
EXPLORING INSTANCE: MannyMotionDatabase Instance
================================================================================
Type: PoseSearchDatabase
Class: PoseSearchDatabase

--- EDITOR PROPERTIES (via get_editor_property) ---
  ✓ schema: PoseSearchSchema = <Object '/Game/MotionMatching/MannyMotionSchema.MannyMotionSchema' (0x00000219A8DB5320) Class 'PoseSearchSchema'>

--- ALL EDITOR PROPERTIES (via reflection) ---
  Static class: <Object '/Script/PoseSearch.PoseSearchDatabase' (0x000002189AFAAC80) Class 'Class'>

================================================================================
TESTING SCHEMA MODIFICATION
================================================================================
✓ Schema loaded

Test 1: Getting channels array
  ✓ Got channels: Array, length: 0

Test 2: Creating channel instances
  ✗ PoseSearchFeatureChannel: PoseSearchFeatureChannel: Class 'PoseSearchFeatureChannel' is abstract
  ✓ Created PoseSearchFeatureChannel_Position instance
    Attributes: ['acquire_editor_element_handle', 'bp_get_world_position', 'call_method', 'cast', 'get_class', 'get_default_object', 'get_editor_property', 'get_fname', 'get_full_name', 'get_name']
  ✓ Created PoseSearchFeatureChannel_Velocity instance
    Attributes: ['acquire_editor_element_handle', 'bp_get_world_velocity', 'call_method', 'cast', 'get_class', 'get_default_object', 'get_editor_property', 'get_fname', 'get_full_name', 'get_name']
  ✓ Created PoseSearchFeatureChannel_Trajectory instance
    Attributes: ['acquire_editor_element_handle', 'call_method', 'cast', 'get_class', 'get_default_object', 'get_editor_property', 'get_fname', 'get_full_name', 'get_name', 'get_outer']

Test 3: Modifying channels array
  Current channels: 0

================================================================================
TESTING DATABASE MODIFICATION
================================================================================
✓ Database loaded

Test 1: Database methods
  Found 25 methods:
    - acquire_editor_element_handle()
    - call_method()
    - cast()
    - get_animation_asset()
    - get_class()
    - get_default_object()
    - get_editor_property()
    - get_fname()
    - get_full_name()
    - get_name()
    - get_num_animation_assets()
    - get_outer()
    - get_outermost()
    - get_package()
    - get_path_name()
    - get_typed_outer()
    - get_world()
    - is_editor_property_overridden()
    - is_package_external()
    - modify()

Test 2: Build-related methods
  ✗ No build methods found

Test 3: Attempting to call build methods

================================================================================
EXPLORATION COMPLETE
================================================================================

Log file: C:\UnrealProjects\coding\unreal\motion_system\root-motion-matching-poc\api_exploration_20260104_161310.log

Next: Review log to find working API methods
