[2026-01-06 17:49:02.044477] Checking Garden Actors...
Found 158 actors with 'Garden' in label.

Sample Actors:
  [0] Garden_Sphere_0
      Location: <Struct 'Vector' (0x0000027AA6F82AE0) {x: 0.000000, y: 0.000000, z: 0.000000}>
      Hidden: False
      Mesh: Sphere
      Scale: <Struct 'Vector' (0x0000027AA6F82AE0) {x: 0.500000, y: 0.500000, z: 0.500000}>
  [1] Garden_Sphere_1
      Location: <Struct 'Vector' (0x0000027AA6F82AE0) {x: -147.455467, y: 135.118042, z: 0.000000}>
      Hidden: False
      Mesh: Sphere
      Scale: <Struct 'Vector' (0x0000027AA6F82AE0) {x: 0.575000, y: 0.575000, z: 0.575000}>
  [2] Garden_Sphere_2
      Location: <Struct 'Vector' (0x0000027AA6F82AE0) {x: 24.651367, y: -281.766411, z: 0.000000}>
      Hidden: False
      Mesh: Sphere
      Scale: <Struct 'Vector' (0x0000027AA6F82AE0) {x: 0.650000, y: 0.650000, z: 0.650000}>
  [3] Garden_Sphere_3
      Location: <Struct 'Vector' (0x0000027AA6F82AE0) {x: 210.881145, y: 274.825659, z: 0.000000}>
      Hidden: False
      Mesh: Sphere
      Scale: <Struct 'Vector' (0x0000027AA6F82AE0) {x: 0.725000, y: 0.725000, z: 0.725000}>
  [4] Garden_Sphere_4
      Location: <Struct 'Vector' (0x0000027AA6F82AE0) {x: -393.923101, y: -69.459271, z: 0.000000}>
      Hidden: False
      Mesh: Sphere
      Scale: <Struct 'Vector' (0x0000027AA6F82AE0) {x: 0.800000, y: 0.800000, z: 0.800000}>

✓ Viewports invalidated (forced refresh)
Moving Viewport Camera...
✓ Viewport camera moved to view the Garden.
