================================================================================
CONFIGURING PCG GRAPH
================================================================================

1. Loading PCG Graph...
✓ Loaded graph: <class 'PCGGraph'>

2. Inspecting nodes...
Total nodes: 2
Input node: <Object '/Game/PCG/PCG_StadiumGrass.PCG_StadiumGrass:DefaultInputNode' (0x00000292B5E70200) Class 'PCGNode'>
Output node: <Object '/Game/PCG/PCG_StadiumGrass.PCG_StadiumGrass:DefaultOutputNode' (0x00000292B5E72D00) Class 'PCGNode'>

Node 0:
  Type: PCGSurfaceSamplerSettings
  Title: None
  Input Pins: 12
    - Pin_0
    - Pin_1
    - Pin_2
    - Pin_3
    - Pin_4
    - Pin_5
    - Pin_6
    - Pin_7
    - Pin_8
    - Pin_9
    - Pin_10
    - Pin_11
  Output Pins: 1
    - Pin_0
  → Identified as Surface Sampler

Node 1:
  Type: PCGStaticMeshSpawnerSettings
  Title: None
  Input Pins: 6
    - Pin_0
    - Pin_1
    - Pin_2
    - Pin_3
    - Pin_4
    - Pin_5
  Output Pins: 1
    - Pin_0
  → Identified as Static Mesh Spawner

3. Connecting nodes...
Connecting: Surface Sampler.Out → Mesh Spawner.In
✗ Error connecting nodes: 'PCGPin' object has no attribute 'label'

4. Configuring Static Mesh Spawner...
Spawner settings type: <class 'PCGStaticMeshSpawnerSettings'>
✓ Loaded grass mesh: SM_tbdpec3r_VarA
  ✗ Property 'mesh' failed: PCGStaticMeshSpawnerSettings: Failed to find property 'mesh' for attribute 'mesh' on 'PCGStaticMeshSpawnerSettings'
  ✗ Property 'static_mesh' failed: PCGStaticMeshSpawnerSettings: Failed to find property 'static_mesh' for attribute 'static_mesh' on 'PCGStaticMeshSpawnerSettings'
  ✗ Property 'meshes' failed: PCGStaticMeshSpawnerSettings: Failed to find property 'meshes' for attribute 'meshes' on 'PCGStaticMeshSpawnerSettings'

5. Saving graph...
✓ Saved: /Game/PCG/PCG_StadiumGrass

6. Finding PCG Volume...
✗ No PCG Volume found in scene
  You may need to run create_stadium_ground.py first

================================================================================
CONFIGURATION COMPLETE
================================================================================

Check the viewport for generated grass!
If nothing appears, open the PCG Graph in the editor to debug.
================================================================================
DEEP PCG PROPERTY REFLECTION
================================================================================

Loading graph...

================================================================================
PIN OBJECT ANALYSIS
================================================================================

Pin Type: <class 'PCGPin'>
Pin Class: PCGPin

Trying common pin properties:
  ✗ label: PCGPin: Property 'Label' for attribute 'label' on 'PCGPin' is protected and cannot be read
  ✗ name: PCGPin: Failed to find property 'name' for attribute 'name' on 'PCGPin'
  ✗ pin_name: PCGPin: Failed to find property 'pin_name' for attribute 'pin_name' on 'PCGPin'
  ✓ properties = <Struct 'PCGPinProperties' (0x00000291707EC718) {label: "In", usage: Normal, allowed_types: {ids: ((Struct="/Script/CoreUObject.ScriptStruct'/Script/PCG.PCGDataTypeInfoPoint'")), custom_subtype: -1}, allow_multiple_data: True, pin_status: Required, invisible_pin: False, allow_multiple_connections: True}>
  ✗ pin_id: PCGPin: Failed to find property 'pin_id' for attribute 'pin_id' on 'PCGPin'
  ✗ tooltip: PCGPin: Failed to find property 'tooltip' for attribute 'tooltip' on 'PCGPin'

================================================================================
SPAWNER SETTINGS ANALYSIS
================================================================================

Settings Type: <class 'PCGStaticMeshSpawnerSettings'>
Settings Class: PCGStaticMeshSpawnerSettings

Trying mesh properties:

================================================================================
ALTERNATIVE APPROACHES
================================================================================

1. Checking parent classes...

2. Checking settings_interface...
Settings interface: <Object '/Game/PCG/PCG_StadiumGrass.PCG_StadiumGrass:StaticMeshSpawner_0.PCGStaticMeshSpawnerSettings_0' (0x000002901B6A6300) Class 'PCGStaticMeshSpawnerSettings'>
Type: <class 'PCGStaticMeshSpawnerSettings'>

3. Attempting property enumeration...
Class: <Object '/Script/PCG.PCGStaticMeshSpawnerSettings' (0x0000028F564E8C00) Class 'Class'>

================================================================================
TESTING NODE.ADD_EDGE_TO
================================================================================

Trying to connect using node.add_edge_to()...
  ✗ Error: add_edge_to() required argument 'to' (pos 2) not found

================================================================================
REFLECTION COMPLETE
================================================================================
================================================================================
ADD_EDGE_TO METHOD REFLECTION
================================================================================

Surface Sampler: <Object '/Game/PCG/PCG_StadiumGrass.PCG_StadiumGrass:SurfaceSampler_0' (0x00000292B5E7E200) Class 'PCGNode'>
Mesh Spawner: <Object '/Game/PCG/PCG_StadiumGrass.PCG_StadiumGrass:StaticMeshSpawner_0' (0x00000292B5E71600) Class 'PCGNode'>

================================================================================
METHOD SIGNATURE INSPECTION
================================================================================

Method: <built-in method add_edge_to of PCGNode object at 0x0000028FD1F5FC70>
Type: <class 'builtin_function_or_method_with_closure'>

Couldn't get signature via inspect: no signature found for builtin <built-in method add_edge_to of PCGNode object at 0x0000028FD1F5FC70>

--------------------------------------------------------------------------------
HELP OUTPUT:
--------------------------------------------------------------------------------
Help on built-in function add_edge_to:

add_edge_to(...) method of builtins.PCGNode instance
    x.add_edge_to(from_pin_label, to, to_pin_label) -> PCGNode
    Adds an edge in the owning graph to the given "To" node.
    
    Args:
        from_pin_label (Name): 
        to (PCGNode): 
        to_pin_label (Name): 
    
    Returns:
        PCGNode:


================================================================================
TESTING PARAMETER COMBINATIONS
================================================================================

Sampler output pin label: 'Out'
Spawner input pin label: 'In'

1. Testing: add_edge_to(to_node)
   ✗ Error: add_edge_to() required argument 'to' (pos 2) not found

2. Testing: add_edge_to(to_node, from_label)
   ✗ Error: add_edge_to() required argument 'to_pin_label' (pos 3) not found

3. Testing: add_edge_to(to_node, from_label, to_label)
   ✗ Error: PCGNode: Failed to convert parameter 'from_pin_label' when calling function 'PCGNode.AddEdgeTo' on 'SurfaceSampler_0'
  TypeError: NativizeProperty: Cannot nativize 'PCGNode' as 'FromPinLabel' (NameProperty)
    TypeError: Nativize: Cannot nativize 'PCGNode' as 'Name'

4. Testing: add_edge_to(to=to_node, from_pin_label=..., to_pin_label=...)
   ✓ Success! Result: <Object '/Game/PCG/PCG_StadiumGrass.PCG_StadiumGrass:StaticMeshSpawner_0' (0x00000292B5E71600) Class 'PCGNode'>

5. Testing: add_edge_to(to=to_node)
   ✗ Error: add_edge_to() required argument 'from_pin_label' (pos 1) not found

================================================================================
TESTING PCGGraph.add_edge
================================================================================

Testing: pcg_graph.add_edge(from_node, from_label, to_node, to_label)
   ✓ Success! Result: <Object '/Game/PCG/PCG_StadiumGrass.PCG_StadiumGrass:StaticMeshSpawner_0' (0x00000292B5E71600) Class 'PCGNode'>

================================================================================
REFLECTION COMPLETE
================================================================================
================================================================================
FINAL PCG GRASS CONFIGURATION
================================================================================

1. Loading PCG Graph...
✓ Loaded graph

2. Identifying nodes...
✓ Surface Sampler: SurfaceSampler_0
✓ Mesh Spawner: StaticMeshSpawner_0

3. Connecting nodes...
  Pin labels: Input.In → Sampler.Surface → Sampler.Out → Spawner.In → Spawner.Out → Output.Out
  ✓ Input → Surface Sampler
  ✓ Surface Sampler → Mesh Spawner
  ✓ Mesh Spawner → Output

4. Configuring Mesh Spawner...
✓ Loaded grass mesh: SM_tbdpec3r_VarA
  ⚠ Could not find mesh property - may need manual configuration

5. Saving graph...
✓ Saved

6. Setting up PCG Volume...
  Creating new PCG Volume...
  ✓ Created PCG Volume
✓ PCG Volume: Stadium_Grass_PCG_Volume
  ✓ Assigned graph to component

7. Triggering PCG generation...
  ✓ Generation triggered!

🎉 PCG grass generation initiated - check viewport!

================================================================================
CONFIGURATION COMPLETE
================================================================================

Next steps if grass doesn't appear:
1. Open /Game/PCG/PCG_StadiumGrass in editor
2. Manually configure Static Mesh Spawner mesh property
3. Check PCG Volume bounds cover the stadium ground
================================================================================
COMPLETE PCG STADIUM GENERATOR
================================================================================

================================================================================
STEP 1: CLEANUP
================================================================================
✓ Removed 1 old actors
✓ Deleted old PCG Graph

================================================================================
STEP 2: CREATE STADIUM GROUND
================================================================================
✓ Created Stadium Ground (3 actors)

================================================================================
STEP 3: CREATE PCG GRAPH
================================================================================
✗ Failed to create PCG Graph
================================================================================
COMPLETE PCG STADIUM GENERATOR
================================================================================

================================================================================
STEP 1: CLEANUP
================================================================================
✓ Removed 0 old actors
✓ Deleted old PCG Graph

================================================================================
STEP 2: CREATE STADIUM GROUND
================================================================================
✓ Created Stadium Ground (3 actors)

================================================================================
STEP 3: CREATE PCG GRAPH
================================================================================
✓ Got asset tools: <Object '/Script/AssetTools.Default__AssetToolsImpl' (0x0000028F25756900) Class 'AssetToolsImpl'>
✓ Created factory: <Object '/Engine/Transient.PCGGraphFactory_2' (0x00000291CA6821C0) Class 'PCGGraphFactory'>
✗ create_asset returned None
  Trying alternative approach...
✗ Failed to create PCG Graph - both methods failed
  PCG Plugin may not be enabled or accessible
================================================================================
COMPLETE PCG STADIUM GENERATOR
================================================================================

Run ID: 9404

================================================================================
STEP 1: CLEANUP
================================================================================
✓ Removed 0 old actors
✓ Deleted old PCG Graph

================================================================================
STEP 2: CREATE STADIUM GROUND
================================================================================
✓ Created Stadium Ground (3 actors)

================================================================================
STEP 3: CREATE PCG GRAPH
================================================================================
✓ Got asset tools: <Object '/Script/AssetTools.Default__AssetToolsImpl' (0x0000028F25756900) Class 'AssetToolsImpl'>
✓ Created factory: <Object '/Engine/Transient.PCGGraphFactory_3' (0x00000290540E8B60) Class 'PCGGraphFactory'>
✓ Created PCG Graph: <Object '/Game/PCG/PCG_StadiumGrass_9404.PCG_StadiumGrass_9404' (0x000002901B6D6C00) Class 'PCGGraph'>
✓ Added Surface Sampler node
✓ Added Static Mesh Spawner node

================================================================================
STEP 4: CONNECT NODES
================================================================================
================================================================================
COMPLETE PCG STADIUM GENERATOR
================================================================================

Run ID: 9500

================================================================================
STEP 1: CLEANUP
================================================================================
✓ Removed 0 old actors
✓ Deleted old PCG Graph

================================================================================
STEP 2: CREATE STADIUM GROUND
================================================================================
✓ Created Stadium Ground (3 actors)

================================================================================
STEP 3: CREATE PCG GRAPH
================================================================================
✓ Got asset tools: <Object '/Script/AssetTools.Default__AssetToolsImpl' (0x0000028F25756900) Class 'AssetToolsImpl'>
✓ Created factory: <Object '/Engine/Transient.PCGGraphFactory_4' (0x000002933A7E5DC0) Class 'PCGGraphFactory'>
✓ Created PCG Graph: <Object '/Game/PCG/PCG_StadiumGrass_9500.PCG_StadiumGrass_9500' (0x00000294D3FA7200) Class 'PCGGraph'>
✓ Added Surface Sampler node
✓ Added Static Mesh Spawner node

================================================================================
STEP 4: CONNECT NODES
================================================================================
✗ Error connecting nodes: 'tuple' object has no attribute 'input_pins'

⚠ Nodes created but not connected - manual connection required

================================================================================
STEP 5: CONFIGURE MESH SPAWNER
================================================================================
✓ Loaded grass mesh: SM_tbdpec3r_VarA
================================================================================
COMPLETE PCG STADIUM GENERATOR
================================================================================

Run ID: 9586

================================================================================
STEP 1: CLEANUP
================================================================================
✓ Removed 3 old actors
✓ Deleted old PCG Graph

================================================================================
STEP 2: CREATE STADIUM GROUND
================================================================================
✓ Created Stadium Ground (3 actors)

================================================================================
STEP 3: CREATE PCG GRAPH
================================================================================
✓ Got asset tools: <Object '/Script/AssetTools.Default__AssetToolsImpl' (0x0000028F25756900) Class 'AssetToolsImpl'>
✓ Created factory: <Object '/Engine/Transient.PCGGraphFactory_5' (0x000002933A7E3980) Class 'PCGGraphFactory'>
✓ Created PCG Graph: <Object '/Game/PCG/PCG_StadiumGrass_9586.PCG_StadiumGrass_9586' (0x0000028F7B0D7200) Class 'PCGGraph'>
✓ Added Surface Sampler node: <Object '/Game/PCG/PCG_StadiumGrass_9586.PCG_StadiumGrass_9586:SurfaceSampler_0' (0x0000028E8FDEC100) Class 'PCGNode'>
✓ Added Static Mesh Spawner node: <Object '/Game/PCG/PCG_StadiumGrass_9586.PCG_StadiumGrass_9586:StaticMeshSpawner_0' (0x0000028E8FDE4F00) Class 'PCGNode'>

================================================================================
STEP 4: CONNECT NODES
================================================================================
Pin labels: In, Surface, Out, In, Out, Out
✓ Input → Surface Sampler
✓ Surface Sampler → Mesh Spawner
✓ Mesh Spawner → Output

================================================================================
STEP 5: CONFIGURE MESH SPAWNER
================================================================================
✓ Loaded grass mesh: SM_tbdpec3r_VarA
✓ Saved PCG Graph

================================================================================
STEP 6: CREATE PCG VOLUME
================================================================================
✓ Created PCG Volume
✓ Assigned graph to component

================================================================================
STEP 7: TRIGGER GENERATION
================================================================================
✓ PCG generation triggered!

================================================================================
COMPLETE!
================================================================================

✅ Stadium ground created
✅ PCG Graph created and configured
✅ Nodes connected
✅ PCG Volume created
✅ Generation triggered

🎉 Check your viewport for the PCG-generated grass!

If grass doesn't appear:
1. Open /Game/PCG/PCG_StadiumGrass
2. Manually set the mesh in Static Mesh Spawner node
3. Regenerate the PCG Volume
=================================================================
✓ PCG generation triggered!

================================================================================
COMPLETE!
================================================================================

✅ Stadium ground created
✅ PCG Graph created and configured
✅ Nodes connected
✅ PCG Volume created
✅ Generation triggered

🎉 Check your viewport for the PCG-generated grass!

If grass doesn't appear:
1. Open /Game/PCG/PCG_StadiumGrass
2. Manually set the mesh in Static Mesh Spawner node
3. Regenerate the PCG Volume
