================================================================================
GENERATING 400M OVAL TRACK (HYBRID)
================================================================================

Cleaning up old track & decals...
✓ Removed 3200 old actors

Building 400m Oval Track (Hybrid Mode)...

Building Straight Section 1...

Building Curve Section 2...

Building Straight Section 3...

Building Curve Section 4...

✓ COMPLETE
================================================================================
GENERATING INFIELD GRASS SURFACE
================================================================================

Cleaning up old infield...
✓ Removed 0 old actors

Building Infield Surface...
  Infield Radius: 28.17m
  Infield Width: 56.34m
✓ Created Infield Surface

✓ Log saved to: C:\UnrealProjects\coding\unreal\motion_system_track_based\pcg-poc\create_infield.log
================================================================================
GENERATING INFIELD GRASS SURFACE (FIXED TILING)
================================================================================

Cleaning up old infield...
✓ Removed 3 old actors

Building Infield Surface...
✓ Created Infield (Tiling Adjusted ~20x)
================================================================================
GENERATING FULL STADIUM GROUND
================================================================================

Cleaning up old stadium ground...
✓ Removed 3 old actors

Building Full Stadium Ground...
✓ Created PCG Volume (Empty)
✓ Created Full Stadium Ground

✓ Log saved to: C:\UnrealProjects\coding\unreal\motion_system_track_based\pcg-poc\create_stadium_ground.log
============================================================================

Cleaning up old stadium ground...
✓ Removed 3 old actors

Building Full Stadium Ground...
✓ Created PCG Volume (Empty)
✓ Created Full Stadium Ground

✓ Log saved to: C:\UnrealProjects\coding\unreal\motion_system_track_based\pcg-poc\create_stadium_ground.log
