================================================================================
COMPLETE PCG STADIUM GENERATOR
================================================================================

Run ID: 9586

================================================================================
STEP 1: CLEANUP
================================================================================
✓ Removed 3 old actors
✓ Deleted old PCG Graph

================================================================================
STEP 2: CREATE STADIUM GROUND
================================================================================
✓ Created Stadium Ground (3 actors)

================================================================================
STEP 3: CREATE PCG GRAPH
================================================================================
✓ Got asset tools: <Object '/Script/AssetTools.Default__AssetToolsImpl' (0x0000028F25756900) Class 'AssetToolsImpl'>
✓ Created factory: <Object '/Engine/Transient.PCGGraphFactory_5' (0x000002933A7E3980) Class 'PCGGraphFactory'>
✓ Created PCG Graph: <Object '/Game/PCG/PCG_StadiumGrass_9586.PCG_StadiumGrass_9586' (0x0000028F7B0D7200) Class 'PCGGraph'>
✓ Added Surface Sampler node: <Object '/Game/PCG/PCG_StadiumGrass_9586.PCG_StadiumGrass_9586:SurfaceSampler_0' (0x0000028E8FDEC100) Class 'PCGNode'>
✓ Added Static Mesh Spawner node: <Object '/Game/PCG/PCG_StadiumGrass_9586.PCG_StadiumGrass_9586:StaticMeshSpawner_0' (0x0000028E8FDE4F00) Class 'PCGNode'>

================================================================================
STEP 4: CONNECT NODES
================================================================================
Pin labels: In, Surface, Out, In, Out, Out
✓ Input → Surface Sampler
✓ Surface Sampler → Mesh Spawner
✓ Mesh Spawner → Output

================================================================================
STEP 5: CONFIGURE MESH SPAWNER
================================================================================
✓ Loaded grass mesh: SM_tbdpec3r_VarA
✓ Saved PCG Graph

================================================================================
STEP 6: CREATE PCG VOLUME
================================================================================
✓ Created PCG Volume
✓ Assigned graph to component

================================================================================
STEP 7: TRIGGER GENERATION
================================================================================
✓ PCG generation triggered!

================================================================================
COMPLETE!
================================================================================

✅ Stadium ground created
✅ PCG Graph created and configured
✅ Nodes connected
✅ PCG Volume created
✅ Generation triggered

🎉 Check your viewport for the PCG-generated grass!

If grass doesn't appear:
1. Open /Game/PCG/PCG_StadiumGrass
2. Manually set the mesh in Static Mesh Spawner node
3. Regenerate the PCG Volume
er node: <Object '/Game/PCG/PCG_StadiumGrass_9586.PCG_StadiumGrass_9586:SurfaceSampler_0' (0x0000028E8FDEC100) Class 'PCGNode'>
✓ Added Static Mesh Spawner node: <Object '/Game/PCG/PCG_StadiumGrass_9586.PCG_StadiumGrass_9586:StaticMeshSpawner_0' (0x0000028E8FDE4F00) Class 'PCGNode'>

================================================================================
STEP 4: CONNECT NODES
================================================================================
Pin labels: In, Surface, Out, In, Out, Out
✓ Input → Surface Sampler
✓ Surface Sampler → Mesh Spawner
✓ Mesh Spawner → Output

================================================================================
STEP 5: CONFIGURE MESH SPAWNER
================================================================================
✓ Loaded grass mesh: SM_tbdpec3r_VarA
✓ Saved PCG Graph

================================================================================
STEP 6: CREATE PCG VOLUME
================================================================================
✓ Created PCG Volume
✓ Assigned graph to component

================================================================================
STEP 7: TRIGGER GENERATION
================================================================================
✓ PCG generation triggered!

================================================================================
COMPLETE!
================================================================================

✅ Stadium ground created
✅ PCG Graph created and configured
✅ Nodes connected
✅ PCG Volume created
✅ Generation triggered

🎉 Check your viewport for the PCG-generated grass!

If grass doesn't appear:
1. Open /Game/PCG/PCG_StadiumGrass
2. Manually set the mesh in Static Mesh Spawner node
3. Regenerate the PCG Volume
ONNECT NODES
================================================================================
Pin labels: In, Surface, Out, In, Out, Out
✓ Input → Surface Sampler
✓ Surface Sampler → Mesh Spawner
✓ Mesh Spawner → Output

================================================================================
STEP 5: CONFIGURE MESH SPAWNER
================================================================================
✓ Loaded grass mesh: SM_tbdpec3r_VarA
✓ Saved PCG Graph

================================================================================
STEP 6: CREATE PCG VOLUME
================================================================================
✓ Created PCG Volume
✓ Assigned graph to component

================================================================================
STEP 7: TRIGGER GENERATION
================================================================================
✓ PCG generation triggered!

================================================================================
COMPLETE!
================================================================================

✅ Stadium ground created
✅ PCG Graph created and configured
✅ Nodes connected
✅ PCG Volume created
✅ Generation triggered

🎉 Check your viewport for the PCG-generated grass!

If grass doesn't appear:
1. Open /Game/PCG/PCG_StadiumGrass
2. Manually set the mesh in Static Mesh Spawner node
3. Regenerate the PCG Volume
put

================================================================================
STEP 5: CONFIGURE MESH SPAWNER
================================================================================
✓ Loaded grass mesh: SM_tbdpec3r_VarA
✓ Saved PCG Graph

================================================================================
STEP 6: CREATE PCG VOLUME
================================================================================
✓ Created PCG Volume
✓ Assigned graph to component

================================================================================
STEP 7: TRIGGER GENERATION
================================================================================
✓ PCG generation triggered!

================================================================================
COMPLETE!
================================================================================

✅ Stadium ground created
✅ PCG Graph created and configured
✅ Nodes connected
✅ PCG Volume created
✅ Generation triggered

🎉 Check your viewport for the PCG-generated grass!

If grass doesn't appear:
1. Open /Game/PCG/PCG_StadiumGrass
2. Manually set the mesh in Static Mesh Spawner node
3. Regenerate the PCG Volume
OLUME
================================================================================
✓ Created PCG Volume
✓ Assigned graph to component

================================================================================
STEP 7: TRIGGER GENERATION
================================================================================
✓ PCG generation triggered!

================================================================================
COMPLETE!
================================================================================

✅ Stadium ground created
✅ PCG Graph created and configured
✅ Nodes connected
✅ PCG Volume created
✅ Generation triggered

🎉 Check your viewport for the PCG-generated grass!

If grass doesn't appear:
1. Open /Game/PCG/PCG_StadiumGrass
2. Manually set the mesh in Static Mesh Spawner node
3. Regenerate the PCG Volume
