================================================================================
FINAL PCG GRASS CONFIGURATION
================================================================================

1. Loading PCG Graph...
✓ Loaded graph

2. Identifying nodes...
✓ Surface Sampler: SurfaceSampler_0
✓ Mesh Spawner: StaticMeshSpawner_0

3. Connecting nodes...
  Pin labels: Input.In → Sampler.Surface → Sampler.Out → Spawner.In → Spawner.Out → Output.Out
  ✓ Input → Surface Sampler
  ✓ Surface Sampler → Mesh Spawner
  ✓ Mesh Spawner → Output

4. Configuring Mesh Spawner...
✓ Loaded grass mesh: SM_tbdpec3r_VarA
  ⚠ Could not find mesh property - may need manual configuration

5. Saving graph...
✓ Saved

6. Setting up PCG Volume...
  Creating new PCG Volume...
  ✓ Created PCG Volume
✓ PCG Volume: Stadium_Grass_PCG_Volume
  ✓ Assigned graph to component

7. Triggering PCG generation...
  ✓ Generation triggered!

🎉 PCG grass generation initiated - check viewport!

================================================================================
CONFIGURATION COMPLETE
================================================================================

Next steps if grass doesn't appear:
1. Open /Game/PCG/PCG_StadiumGrass in editor
2. Manually configure Static Mesh Spawner mesh property
3. Check PCG Volume bounds cover the stadium ground
