================================================================================
FIXING TRACK GENERATION (X-AXIS ALIGNMENT)
================================================================================

Cleaning up old track & decals...
✓ Removed 59 old actors

Building 6-Lane Track (7.32m wide)...
✓ Created track mesh

Adding Lane Dividers (X-Axis aligned)...
✓ Created 7 dividers

Adding Start/Finish Lines (Y-Axis aligned)...
✓ Created markings

✓ COMPLETE
===============================================================================
FIXING TRACK GENERATION (X-AXIS ALIGNMENT)
================================================================================

Cleaning up old track & decals...
✓ Removed 59 old actors

Building 6-Lane Track (7.32m wide)...
✓ Created track mesh

Adding Lane Dividers (X-Axis aligned)...
✓ Created 7 dividers

Adding Start/Finish Lines (Y-Axis aligned)...
✓ Created markings

✓ COMPLETE
