================================================================================
[20:37:21] ICELAND ENVIRONMENT - DETAILED ASSET INSPECTOR
================================================================================
[20:37:21] 
Inspecting Iceland_Environment folder...

Found 80 total assets

================================================================================
DETAILED ASSET LIST
================================================================================

📁 /Game/Iceland_Environment/Example_Map (2 assets)
--------------------------------------------------------------------------------
  • Lv_Mountain_Tops_Elevation
    Type: World
    Path: /Game/Iceland_Environment/Example_Map/Lv_Mountain_Tops_Elevation

  • Lv_Mountain_Tops_VT
    Type: World
    Path: /Game/Iceland_Environment/Example_Map/Lv_Mountain_Tops_VT


📁 /Game/Iceland_Environment/Materials (16 assets)
--------------------------------------------------------------------------------
  • MI_Elevation_Material
    Type: MaterialInstanceConstant
    Path: /Game/Iceland_Environment/Materials/MI_Elevation_Material

  • MI_Iceland_Mountains_01
    Type: MaterialInstanceConstant
    Path: /Game/Iceland_Environment/Materials/MI_Iceland_Mountains_01

  • MI_Iceland_Mountains_02
    Type: MaterialInstanceConstant
    Path: /Game/Iceland_Environment/Materials/MI_Iceland_Mountains_02

  • MI_Iceland_Mountains_03
    Type: MaterialInstanceConstant
    Path: /Game/Iceland_Environment/Materials/MI_Iceland_Mountains_03

  • MI_Iceland_Mountains_04
    Type: MaterialInstanceConstant
    Path: /Game/Iceland_Environment/Materials/MI_Iceland_Mountains_04

  • MI_Iceland_Mountains_05
    Type: MaterialInstanceConstant
    Path: /Game/Iceland_Environment/Materials/MI_Iceland_Mountains_05

  • MI_Iceland_Mountains_06
    Type: MaterialInstanceConstant
    Path: /Game/Iceland_Environment/Materials/MI_Iceland_Mountains_06

  • MI_Landscape_Arctic
    Type: MaterialInstanceConstant
    Path: /Game/Iceland_Environment/Materials/MI_Landscape_Arctic

  • MI_Landscape_Mountain
    Type: MaterialInstanceConstant
    Path: /Game/Iceland_Environment/Materials/MI_Landscape_Mountain

  • MPC_Terrain
    Type: MaterialParameterCollection
    Path: /Game/Iceland_Environment/Materials/MPC_Terrain

  • M_AutoLandscape
    Type: Material
    Path: /Game/Iceland_Environment/Materials/M_AutoLandscape

  • M_Elevation_Material
    Type: Material
    Path: /Game/Iceland_Environment/Materials/M_Elevation_Material

  • M_Iceland_Mountains
    Type: Material
    Path: /Game/Iceland_Environment/Materials/M_Iceland_Mountains

  • Material_Blend_LayerInfo
    Type: LandscapeLayerInfoObject
    Path: /Game/Iceland_Environment/Materials/Material_Blend_LayerInfo

  • RVT_Blend
    Type: RuntimeVirtualTexture
    Path: /Game/Iceland_Environment/Materials/RVT_Blend

  • RVT_Height
    Type: RuntimeVirtualTexture
    Path: /Game/Iceland_Environment/Materials/RVT_Height


📁 /Game/Iceland_Environment/Materials/LandscapeGrass (5 assets)
--------------------------------------------------------------------------------
  • LG_A
    Type: LandscapeGrassType
    Path: /Game/Iceland_Environment/Materials/LandscapeGrass/LG_A

  • LG_B
    Type: LandscapeGrassType
    Path: /Game/Iceland_Environment/Materials/LandscapeGrass/LG_B

  • LG_C
    Type: LandscapeGrassType
    Path: /Game/Iceland_Environment/Materials/LandscapeGrass/LG_C

  • LG_D
    Type: LandscapeGrassType
    Path: /Game/Iceland_Environment/Materials/LandscapeGrass/LG_D

  • LG_E
    Type: LandscapeGrassType
    Path: /Game/Iceland_Environment/Materials/LandscapeGrass/LG_E


📁 /Game/Iceland_Environment/Materials/MaterialFunctions (7 assets)
--------------------------------------------------------------------------------
  • MF_DistanceCellBlend
    Type: MaterialFunction
    Path: /Game/Iceland_Environment/Materials/MaterialFunctions/MF_DistanceCellBlend

  • MF_DistanceTextureBlend
    Type: MaterialFunction
    Path: /Game/Iceland_Environment/Materials/MaterialFunctions/MF_DistanceTextureBlend

  • MF_MatLayerBlend_Standard_Normal
    Type: MaterialFunction
    Path: /Game/Iceland_Environment/Materials/MaterialFunctions/MF_MatLayerBlend_Standard_Normal

  • MF_NormalIntensity
    Type: MaterialFunction
    Path: /Game/Iceland_Environment/Materials/MaterialFunctions/MF_NormalIntensity

  • MF_TextureCellBomb
    Type: MaterialFunction
    Path: /Game/Iceland_Environment/Materials/MaterialFunctions/MF_TextureCellBomb

  • MF_TriplanarProjection
    Type: MaterialFunction
    Path: /Game/Iceland_Environment/Materials/MaterialFunctions/MF_TriplanarProjection

  • MF_TriplanarProjection_Normal
    Type: MaterialFunction
    Path: /Game/Iceland_Environment/Materials/MaterialFunctions/MF_TriplanarProjection_Normal


📁 /Game/Iceland_Environment/Materials/SubMaterials (6 assets)
--------------------------------------------------------------------------------
  • MF_A
    Type: MaterialFunction
    Path: /Game/Iceland_Environment/Materials/SubMaterials/MF_A

  • MF_A_TriProjection
    Type: MaterialFunction
    Path: /Game/Iceland_Environment/Materials/SubMaterials/MF_A_TriProjection

  • MF_B
    Type: MaterialFunction
    Path: /Game/Iceland_Environment/Materials/SubMaterials/MF_B

  • MF_C
    Type: MaterialFunction
    Path: /Game/Iceland_Environment/Materials/SubMaterials/MF_C

  • MF_D
    Type: MaterialFunction
    Path: /Game/Iceland_Environment/Materials/SubMaterials/MF_D

  • MF_E
    Type: MaterialFunction
    Path: /Game/Iceland_Environment/Materials/SubMaterials/MF_E


📁 /Game/Iceland_Environment/Static_Meshes (14 assets)
--------------------------------------------------------------------------------
  • SM_Iceland_Crest
    Type: StaticMesh
    Path: /Game/Iceland_Environment/Static_Meshes/SM_Iceland_Crest

  • SM_Iceland_Eroded_Mountain
    Type: StaticMesh
    Path: /Game/Iceland_Environment/Static_Meshes/SM_Iceland_Eroded_Mountain

  • SM_Iceland_Mountain_02
    Type: StaticMesh
    Path: /Game/Iceland_Environment/Static_Meshes/SM_Iceland_Mountain_02

  • SM_Iceland_Plateus_01
    Type: StaticMesh
    Path: /Game/Iceland_Environment/Static_Meshes/SM_Iceland_Plateus_01

  • SM_Mountain_01
    Type: StaticMesh
    Path: /Game/Iceland_Environment/Static_Meshes/SM_Mountain_01

  • SM_Mountain_02
    Type: StaticMesh
    Path: /Game/Iceland_Environment/Static_Meshes/SM_Mountain_02

  • SM_Mountain_03
    Type: StaticMesh
    Path: /Game/Iceland_Environment/Static_Meshes/SM_Mountain_03

  • SM_Mountain_04
    Type: StaticMesh
    Path: /Game/Iceland_Environment/Static_Meshes/SM_Mountain_04

  • SM_Mountain_05
    Type: StaticMesh
    Path: /Game/Iceland_Environment/Static_Meshes/SM_Mountain_05

  • SM_Mountain_06
    Type: StaticMesh
    Path: /Game/Iceland_Environment/Static_Meshes/SM_Mountain_06

  • SM_Mountain_07
    Type: StaticMesh
    Path: /Game/Iceland_Environment/Static_Meshes/SM_Mountain_07

  • SM_Mountain_08
    Type: StaticMesh
    Path: /Game/Iceland_Environment/Static_Meshes/SM_Mountain_08

  • SM_Mountain_09
    Type: StaticMesh
    Path: /Game/Iceland_Environment/Static_Meshes/SM_Mountain_09

  • SM_Mountain_Plateu_01
    Type: StaticMesh
    Path: /Game/Iceland_Environment/Static_Meshes/SM_Mountain_Plateu_01


📁 /Game/Iceland_Environment/Textures (4 assets)
--------------------------------------------------------------------------------
  • T_ColorVariationDistance
    Type: Texture2D
    Path: /Game/Iceland_Environment/Textures/T_ColorVariationDistance

  • T_Mask_Placeholder
    Type: Texture2D
    Path: /Game/Iceland_Environment/Textures/T_Mask_Placeholder

  • T_NormalVariation
    Type: Texture2D
    Path: /Game/Iceland_Environment/Textures/T_NormalVariation

  • T_Voronoi_Perturbed_4k
    Type: Texture2D
    Path: /Game/Iceland_Environment/Textures/T_Voronoi_Perturbed_4k


📁 /Game/Iceland_Environment/Textures/Snow (3 assets)
--------------------------------------------------------------------------------
  • T_snow_02_diff_1k
    Type: Texture2D
    Path: /Game/Iceland_Environment/Textures/Snow/T_snow_02_diff_1k

  • T_snow_02_nor_1k
    Type: Texture2D
    Path: /Game/Iceland_Environment/Textures/Snow/T_snow_02_nor_1k

  • T_snow_02_rough_1k
    Type: Texture2D
    Path: /Game/Iceland_Environment/Textures/Snow/T_snow_02_rough_1k


📁 /Game/Iceland_Environment/Textures/T_ForestGround (3 assets)
--------------------------------------------------------------------------------
  • T_ForestGround_A
    Type: Texture2D
    Path: /Game/Iceland_Environment/Textures/T_ForestGround/T_ForestGround_A

  • T_ForestGround_N
    Type: Texture2D
    Path: /Game/Iceland_Environment/Textures/T_ForestGround/T_ForestGround_N

  • T_ForestGround_R
    Type: Texture2D
    Path: /Game/Iceland_Environment/Textures/T_ForestGround/T_ForestGround_R


📁 /Game/Iceland_Environment/Textures/T_Iceland_Dirt (3 assets)
--------------------------------------------------------------------------------
  • T_Iceland_Dirt_BaseColor
    Type: Texture2D
    Path: /Game/Iceland_Environment/Textures/T_Iceland_Dirt/T_Iceland_Dirt_BaseColor

  • T_Iceland_Dirt_Normal
    Type: Texture2D
    Path: /Game/Iceland_Environment/Textures/T_Iceland_Dirt/T_Iceland_Dirt_Normal

  • T_Iceland_Dirt_ORM
    Type: Texture2D
    Path: /Game/Iceland_Environment/Textures/T_Iceland_Dirt/T_Iceland_Dirt_ORM


📁 /Game/Iceland_Environment/Textures/T_Iceland_Eroded (2 assets)
--------------------------------------------------------------------------------
  • Iceland_Eroded_Normal
    Type: Texture2D
    Path: /Game/Iceland_Environment/Textures/T_Iceland_Eroded/Iceland_Eroded_Normal

  • T_Iceland_Eroded_BaseColor
    Type: Texture2D
    Path: /Game/Iceland_Environment/Textures/T_Iceland_Eroded/T_Iceland_Eroded_BaseColor


📁 /Game/Iceland_Environment/Textures/T_Iceland_Grass (3 assets)
--------------------------------------------------------------------------------
  • T_Iceland_Grass_BaseColor
    Type: Texture2D
    Path: /Game/Iceland_Environment/Textures/T_Iceland_Grass/T_Iceland_Grass_BaseColor

  • T_Iceland_Grass_Normal
    Type: Texture2D
    Path: /Game/Iceland_Environment/Textures/T_Iceland_Grass/T_Iceland_Grass_Normal

  • T_Iceland_Grass_ORM
    Type: Texture2D
    Path: /Game/Iceland_Environment/Textures/T_Iceland_Grass/T_Iceland_Grass_ORM


📁 /Game/Iceland_Environment/Textures/T_Iceland_Plateu (2 assets)
--------------------------------------------------------------------------------
  • T_Iceland_Plateu_Base_Color
    Type: Texture2D
    Path: /Game/Iceland_Environment/Textures/T_Iceland_Plateu/T_Iceland_Plateu_Base_Color

  • T_Iceland_Plateu_Normal
    Type: Texture2D
    Path: /Game/Iceland_Environment/Textures/T_Iceland_Plateu/T_Iceland_Plateu_Normal


📁 /Game/Iceland_Environment/Textures/T_MossyCreekStones (3 assets)
--------------------------------------------------------------------------------
  • T_MossyCreekStones_A
    Type: Texture2D
    Path: /Game/Iceland_Environment/Textures/T_MossyCreekStones/T_MossyCreekStones_A

  • T_MossyCreekStones_N
    Type: Texture2D
    Path: /Game/Iceland_Environment/Textures/T_MossyCreekStones/T_MossyCreekStones_N

  • T_MossyCreekStones_R
    Type: Texture2D
    Path: /Game/Iceland_Environment/Textures/T_MossyCreekStones/T_MossyCreekStones_R


📁 /Game/Iceland_Environment/Textures/T_Mountain_01 (2 assets)
--------------------------------------------------------------------------------
  • T_Mountain_01_BaseColor
    Type: Texture2D
    Path: /Game/Iceland_Environment/Textures/T_Mountain_01/T_Mountain_01_BaseColor

  • T_Mountain_01_Normal
    Type: Texture2D
    Path: /Game/Iceland_Environment/Textures/T_Mountain_01/T_Mountain_01_Normal


📁 /Game/Iceland_Environment/Textures/T_Mountain_02 (3 assets)
--------------------------------------------------------------------------------
  • T_Mountain_02_BaseColor
    Type: Texture2D
    Path: /Game/Iceland_Environment/Textures/T_Mountain_02/T_Mountain_02_BaseColor

  • T_Mountain_02_Normal
    Type: Texture2D
    Path: /Game/Iceland_Environment/Textures/T_Mountain_02/T_Mountain_02_Normal

  • T_Mountain_02_ORM
    Type: Texture2D
    Path: /Game/Iceland_Environment/Textures/T_Mountain_02/T_Mountain_02_ORM


📁 /Game/Iceland_Environment/Textures/T_Snow (2 assets)
--------------------------------------------------------------------------------
  • T_Snow_BaseColor
    Type: Texture2D
    Path: /Game/Iceland_Environment/Textures/T_Snow/T_Snow_BaseColor

  • T_Snow_Normal
    Type: Texture2D
    Path: /Game/Iceland_Environment/Textures/T_Snow/T_Snow_Normal


================================================================================
SUMMARY BY TYPE
================================================================================
  LandscapeGrassType: 5
  LandscapeLayerInfoObject: 1
  Material: 3
  MaterialFunction: 13
  MaterialInstanceConstant: 9
  MaterialParameterCollection: 1
  RuntimeVirtualTexture: 2
  StaticMesh: 14
  Texture2D: 30
  World: 2

================================================================================
LANDSCAPE ASSETS
================================================================================
  • M_AutoLandscape (Material)
    /Game/Iceland_Environment/Materials/M_AutoLandscape
  • Material_Blend_LayerInfo (LandscapeLayerInfoObject)
    /Game/Iceland_Environment/Materials/Material_Blend_LayerInfo
  • MI_Landscape_Arctic (MaterialInstanceConstant)
    /Game/Iceland_Environment/Materials/MI_Landscape_Arctic
  • MI_Landscape_Mountain (MaterialInstanceConstant)
    /Game/Iceland_Environment/Materials/MI_Landscape_Mountain
  • LG_A (LandscapeGrassType)
    /Game/Iceland_Environment/Materials/LandscapeGrass/LG_A
  • LG_B (LandscapeGrassType)
    /Game/Iceland_Environment/Materials/LandscapeGrass/LG_B
  • LG_C (LandscapeGrassType)
    /Game/Iceland_Environment/Materials/LandscapeGrass/LG_C
  • LG_E (LandscapeGrassType)
    /Game/Iceland_Environment/Materials/LandscapeGrass/LG_E
  • LG_D (LandscapeGrassType)
    /Game/Iceland_Environment/Materials/LandscapeGrass/LG_D

================================================================================
MATERIAL ASSETS
================================================================================
  • M_AutoLandscape (Material)
    /Game/Iceland_Environment/Materials/M_AutoLandscape
  • M_Iceland_Mountains (Material)
    /Game/Iceland_Environment/Materials/M_Iceland_Mountains
  • M_Elevation_Material (Material)
    /Game/Iceland_Environment/Materials/M_Elevation_Material
  • MI_Elevation_Material (MaterialInstanceConstant)
    /Game/Iceland_Environment/Materials/MI_Elevation_Material
  • MI_Iceland_Mountains_01 (MaterialInstanceConstant)
    /Game/Iceland_Environment/Materials/MI_Iceland_Mountains_01
  • MI_Iceland_Mountains_02 (MaterialInstanceConstant)
    /Game/Iceland_Environment/Materials/MI_Iceland_Mountains_02
  • MI_Iceland_Mountains_03 (MaterialInstanceConstant)
    /Game/Iceland_Environment/Materials/MI_Iceland_Mountains_03
  • MI_Iceland_Mountains_04 (MaterialInstanceConstant)
    /Game/Iceland_Environment/Materials/MI_Iceland_Mountains_04
  • MI_Iceland_Mountains_05 (MaterialInstanceConstant)
    /Game/Iceland_Environment/Materials/MI_Iceland_Mountains_05
  • MI_Iceland_Mountains_06 (MaterialInstanceConstant)
    /Game/Iceland_Environment/Materials/MI_Iceland_Mountains_06
  • MI_Landscape_Arctic (MaterialInstanceConstant)
    /Game/Iceland_Environment/Materials/MI_Landscape_Arctic
  • MI_Landscape_Mountain (MaterialInstanceConstant)
    /Game/Iceland_Environment/Materials/MI_Landscape_Mountain
  • MPC_Terrain (MaterialParameterCollection)
    /Game/Iceland_Environment/Materials/MPC_Terrain
  • MF_DistanceCellBlend (MaterialFunction)
    /Game/Iceland_Environment/Materials/MaterialFunctions/MF_DistanceCellBlend
  • MF_DistanceTextureBlend (MaterialFunction)
    /Game/Iceland_Environment/Materials/MaterialFunctions/MF_DistanceTextureBlend
  • MF_MatLayerBlend_Standard_Normal (MaterialFunction)
    /Game/Iceland_Environment/Materials/MaterialFunctions/MF_MatLayerBlend_Standard_Normal
  • MF_NormalIntensity (MaterialFunction)
    /Game/Iceland_Environment/Materials/MaterialFunctions/MF_NormalIntensity
  • MF_TextureCellBomb (MaterialFunction)
    /Game/Iceland_Environment/Materials/MaterialFunctions/MF_TextureCellBomb
  • MF_TriplanarProjection (MaterialFunction)
    /Game/Iceland_Environment/Materials/MaterialFunctions/MF_TriplanarProjection
  • MF_TriplanarProjection_Normal (MaterialFunction)
    /Game/Iceland_Environment/Materials/MaterialFunctions/MF_TriplanarProjection_Normal
  • MF_E (MaterialFunction)
    /Game/Iceland_Environment/Materials/SubMaterials/MF_E
  • MF_D (MaterialFunction)
    /Game/Iceland_Environment/Materials/SubMaterials/MF_D
  • MF_C (MaterialFunction)
    /Game/Iceland_Environment/Materials/SubMaterials/MF_C
  • MF_B (MaterialFunction)
    /Game/Iceland_Environment/Materials/SubMaterials/MF_B
  • MF_A_TriProjection (MaterialFunction)
    /Game/Iceland_Environment/Materials/SubMaterials/MF_A_TriProjection
  • MF_A (MaterialFunction)
    /Game/Iceland_Environment/Materials/SubMaterials/MF_A
[20:37:27] 
Checking for level files...

================================================================================
LEVEL FILES
================================================================================
  • Lv_Mountain_Tops_Elevation
    Path: /Game/Iceland_Environment/Example_Map/Lv_Mountain_Tops_Elevation
    → You can open this level to see the terrain!
  • Lv_Mountain_Tops_VT
    Path: /Game/Iceland_Environment/Example_Map/Lv_Mountain_Tops_VT
    → You can open this level to see the terrain!

================================================================================
✓ INSPECTION COMPLETE!
================================================================================

What Iceland Environment Contains:
  - Check the detailed list above
  - Look for level files you can open
  - Materials and textures for terrain

Next: Tell me what you found and we'll create scripts to work with it!
================================================================================
ICELAND LANDSCAPE INSPECTOR
================================================================================

✗ No landscape found in current level
  Make sure you have the Iceland level open

================================================================================
WHAT THIS MEANS FOR ROAD GENERATION
================================================================================
✓ We can sample terrain height at any point
✓ Roads can follow the actual 3D surface
✓ We can detect slopes and avoid steep areas
✓ Everything is real geometry with physics!
================================================================================
ICELAND LANDSCAPE DIMENSIONS
================================================================================

✗ No landscape found - make sure Iceland level is open
No landscape found
✓ Saved to: C:\UnrealProjects\coding\unreal\motion_system_track_based\pcg-poc\level_info.txt
================================================================================
400 METER OVAL TRACK GENERATOR
================================================================================

Creating oval track spline...

✗ ERROR: 'Actor' object has no attribute 'add_component_by_class'
================================================================================
ADDING VISUAL TO TRACK
================================================================================
✓ Found track: Track_400m_Oval
✗ No spline component found on track
================================================================================
ADDING VISUAL TO TRACK
================================================================================
✓ Found track: Track_400m_Oval
✗ No spline component found on track

✓ Log saved to: C:\UnrealProjects\coding\unreal\motion_system_track_based\pcg-poc\track_visual.log
================================================================================
400 METER OVAL TRACK GENERATOR
================================================================================
✓ Cleaned up 1 old track(s)

Creating oval track...
✓ Created actor: Track_400m_Oval

✗ ERROR: 'Actor' object has no attribute 'add_component_by_class'
================================================================================
400 METER OVAL TRACK GENERATOR
================================================================================

Generating track path...
✓ Generated 197 path points

Creating road segments...
  Progress: 50/197 segments
  Progress: 100/197 segments
  Progress: 150/197 segments

================================================================================
✓ TRACK CREATED!
================================================================================
Total Segments: 197
Road Width: 4.0m
Track Layout: 100m straight → 100m curve → 100m straight → 100m curve
Location: <Struct 'Vector' (0x0000028FD1FA9320) {x: 0.000000, y: 0.000000, z: 50.000000}>
Folder: PCG_Track

✓ Log saved to: C:\UnrealProjects\coding\unreal\motion_system_track_based\pcg-poc\create_track.log
================================================================================
400 METER OVAL TRACK GENERATOR - FIXED
================================================================================

Cleaning up old tracks...
✓ Deleted 198 old track/spline actor(s)

Generating oval track path...
  Straight sections: 100m each
  Track width: 63.6m
  Curve radius: 31.8m

  Section 1: Bottom straight (100m)...
  Section 2: Right curve (semicircle)...
  Section 3: Top straight (100m, parallel to bottom)...
  Section 4: Left curve (semicircle)...

✓ Generated 197 path points

Creating road segments...
  Progress: 50/197 segments
  Progress: 100/197 segments
  Progress: 150/197 segments

================================================================================
✓ OVAL TRACK CREATED!
================================================================================
Total Segments: 197
Road Width: 4.0m
Track Layout:
  • Bottom straight: 100m
  • Right curve: semicircle
  • Top straight: 100m (parallel)
  • Left curve: semicircle
Total Track Length: ~400m
Location: Origin at Z=0.5m
Folder: PCG_Track

✓ Log saved to: C:\UnrealProjects\coding\unreal\motion_system_track_based\pcg-poc\create_track.log
================================================================================
400 METER OVAL TRACK GENERATOR - FIXED
================================================================================

Cleaning up old tracks...
✓ Deleted 197 old track/spline actor(s)

Generating oval track path...
  Straight sections: 100m each
  Track width: 63.6m
  Curve radius: 31.8m

  Section 1: Bottom straight (100m)...
  Section 2: Right curve (semicircle)...
  Section 3: Top straight (100m, parallel to bottom)...
  Section 4: Left curve (semicircle)...

✓ Generated 197 path points
✓ Track centered at origin (0, 0)

Creating road segments...
  Progress: 50/197 segments
  Progress: 100/197 segments
  Progress: 150/197 segments

================================================================================
✓ OVAL TRACK CREATED!
================================================================================
Total Segments: 197
Road Width: 4.0m
Track Layout:
  • Bottom straight: 100m
  • Right curve: semicircle
  • Top straight: 100m (parallel)
  • Left curve: semicircle
Total Track Length: ~400m
Location: Origin at Z=0.5m
Folder: PCG_Track

✓ Log saved to: C:\UnrealProjects\coding\unreal\motion_system_track_based\pcg-poc\create_track.log
================================================================================
100 METER STRAIGHT TRACK - ASPHALT
================================================================================
✓ Deleted 197 old track actor(s)

Creating 100m straight track...
⚠ Could not load asphalt material, using default

Creating 50 road segments...

================================================================================
✓ TRACK CREATED!
================================================================================
Length: 100 meters
Width: 4.0 meters
Segments: 50
Material: Megascans Asphalt
Location: Centered at origin, Z=0.5m
Folder: SimpleTrack

✓ Log saved to: C:\UnrealProjects\coding\unreal\motion_system_track_based\pcg-poc\simple_track.log
================================================================================
SEARCHING FOR ASPHALT MATERIAL
================================================================================

Found 9 assets in Megascans/Surfaces

Asphalt-related materials:
--------------------------------------------------------------------------------

• T_sfrofg0a_4K_N
  Type: Texture2D
  Path: /Game/Fab/Megascans/Surfaces/Asphalt_Fresh_sfrofg0a/High/sfrofg0a_tier_1/Textures/T_sfrofg0a_4K_N

• T_sfrofg0a_4K_ORM
  Type: Texture2D
  Path: /Game/Fab/Megascans/Surfaces/Asphalt_Fresh_sfrofg0a/High/sfrofg0a_tier_1/Textures/T_sfrofg0a_4K_ORM

• T_sfrofg0a_4K_H
  Type: Texture2D
  Path: /Game/Fab/Megascans/Surfaces/Asphalt_Fresh_sfrofg0a/High/sfrofg0a_tier_1/Textures/T_sfrofg0a_4K_H

• T_sfrofg0a_4K_B
  Type: Texture2D
  Path: /Game/Fab/Megascans/Surfaces/Asphalt_Fresh_sfrofg0a/High/sfrofg0a_tier_1/Textures/T_sfrofg0a_4K_B

• MI_sfrofg0a
  Type: MaterialInstanceConstant
  Path: /Game/Fab/Megascans/Surfaces/Asphalt_Fresh_sfrofg0a/High/sfrofg0a_tier_1/Materials/MI_sfrofg0a
================================================================================
100 METER STRAIGHT TRACK - ASPHALT
================================================================================
✓ Deleted 50 old track actor(s)

Creating 100m straight track...
✓ Loaded asphalt material: /Game/Fab/Megascans/Surfaces/Asphalt_Fresh_sfrofg0a/High/sfrofg0a_tier_1/Materials/MI_sfrofg0a.MI_sfrofg0a

Creating 50 road segments...

================================================================================
✓ TRACK CREATED!
================================================================================
Length: 100 meters
Width: 4.0 meters
Segments: 50
Material: Megascans Asphalt
Location: Centered at origin, Z=0.5m
Folder: SimpleTrack

✓ Log saved to: C:\UnrealProjects\coding\unreal\motion_system_track_based\pcg-poc\simple_track.log
================================================================================
ADDING LANE LINE DECALS
================================================================================

Creating white line decal material...
✓ Using basic white material for decals

Adding center lane line (dashed)...
Creating 12 dashed line segments...

✗ ERROR: 'DecalComponent' object has no attribute 'set_decal_size'
================================================================================
ADDING LANE LINE DECALS
================================================================================

Creating white line decal material...
✓ Using basic white material for decals

Adding center lane line (dashed)...
Creating 12 dashed line segments...

✓ Created 12 lane line dashes

Adding start/finish line...
✓ Created start/finish line

================================================================================
✓ LANE LINES ADDED!
================================================================================
Center dashed line: 12 segments
Dash length: 5.0m
Gap length: 3.0m
Line width: 15.0cm
Start/finish line: 1m thick, full width

✓ Log saved to: C:\UnrealProjects\coding\unreal\motion_system_track_based\pcg-poc\add_lane_lines.log
================================================================================
TRACK DIMENSIONS CHECK
================================================================================

Found 50 track segments
Found 13 lane line dashes
Found start/finish line: Yes

================================================================================
TRACK DIMENSIONS
================================================================================
Individual Segment:
  Length: 200cm = 2.0m
  Width: 400cm = 4.0m
  Height: 10.0cm

Total Track:
  Length: 10000cm = 100m
  Width: 400cm = 4.0m
  Segments: 50

================================================================================
LANE LINE DIMENSIONS
================================================================================
Dashed Center Line:
  Dash length: 256cm = 2.6m
  Line width: 512cm = 5.12m
  Number of dashes: 13

================================================================================
START/FINISH LINE DIMENSIONS
================================================================================
Start/Finish Line:
  Thickness: 100cm = 1.0m
  Width: 400cm = 4.0m

================================================================================
SUMMARY
================================================================================
✓ Track: 100m long × 4.0m wide
✓ Lane lines: 4.00m wide, 2.6m dashes
✓ Start line: 1.0m thick × 4.0m wide
================================================================================
TRACK DIMENSIONS CHECK
================================================================================

Found 50 track segments
Found 13 lane line dashes
Found start/finish line: Yes

================================================================================
TRACK DIMENSIONS
================================================================================
Individual Segment:
  Length: 200cm = 2.0m
  Width: 400cm = 4.0m
  Height: 10.0cm

Total Track:
  Length: 10000cm = 100m
  Width: 400cm = 4.0m
  Segments: 50

================================================================================
LANE LINE DIMENSIONS
================================================================================
Dashed Center Line:
  Dash length: 256cm = 2.6m
  Line width: 512cm = 5.12m
  Number of dashes: 13

================================================================================
START/FINISH LINE DIMENSIONS
================================================================================
Start/Finish Line:
  Thickness: 100cm = 1.0m
  Width: 400cm = 4.0m

================================================================================
SUMMARY
================================================================================
✓ Track: 100m long × 4.0m wide
✓ Lane lines: 4.00m wide, 2.6m dashes
✓ Start line: 1.0m thick × 4.0m wide
================================================================================
ADDING LANE LINE DECALS - FIXED
================================================================================

Cleaning up old decals...
✓ Deleted 14 old decal actors

Adding center lane line (dashed)...
Creating 12 dashed line segments...

✓ Created 12 lane line dashes

Adding start/finish line...
✓ Created start/finish line

================================================================================
✓ LANE LINES ADDED!
================================================================================
Center dashed line: 12 segments
Sizes set via DecalSize property

✓ Log saved to: C:\UnrealProjects\coding\unreal\motion_system_track_based\pcg-poc\add_lane_lines.log
================================================================================
TRACK DIMENSIONS CHECK
================================================================================

Found 50 track segments
Found 12 lane line dashes
Found start/finish line: Yes

================================================================================
TRACK DIMENSIONS
================================================================================
Individual Segment:
  Length: 200cm = 2.0m
  Width: 400cm = 4.0m
  Height: 10.0cm

Total Track:
  Length: 10000cm = 100m
  Width: 400cm = 4.0m
  Segments: 50

================================================================================
LANE LINE DIMENSIONS
================================================================================
Dashed Center Line:
  Dash length: 400cm = 4.0m
  Line width: 15cm = 0.15m
  Number of dashes: 12

================================================================================
START/FINISH LINE DIMENSIONS
================================================================================
Start/Finish Line:
  Thickness: 400cm = 4.0m
  Width: 400cm = 4.0m

================================================================================
SUMMARY
================================================================================
✓ Track: 100m long × 4.0m wide
✓ Lane lines: 4.00m wide, 4.0m dashes
✓ Start line: 4.0m thick × 4.0m wide
================================================================================
100 METER STRAIGHT TRACK - ASPHALT
================================================================================
✓ Deleted 50 old track actor(s)

Creating 100m straight track...
✓ Loaded asphalt material: /Game/Fab/Megascans/Surfaces/Asphalt_Fresh_sfrofg0a/High/sfrofg0a_tier_1/Materials/MI_sfrofg0a.MI_sfrofg0a

Creating 50 road segments...

================================================================================
✓ TRACK CREATED!
================================================================================
Length: 100 meters
Width: 4.0 meters
Segments: 50
Material: Megascans Asphalt
Location: Centered at origin, Z=0.5m
Folder: SimpleTrack

✓ Log saved to: C:\UnrealProjects\coding\unreal\motion_system_track_based\pcg-poc\simple_track.log
================================================================================
GENERATING STANDARD 100M SPRINT TRACK
================================================================================

Cleaning up old track actors...
✓ Removed 63 old actors

Building Asphalt Track (4 lanes, 4.88m wide)...
✓ Created 50 mesh segments

Adding Solid Lane Lines...
✓ Created 5 solid lane lines

Adding Start/Finish Lines...
✓ Created Start/Finish markings

================================================================================
✓ 100M TRACK COMPLETE
================================================================================
Lanes: 4 (1.22m each)
Total Width: 4.88m
Features: Solid white lines, Asphalt surface
Log: C:\UnrealProjects\coding\unreal\motion_system_track_based\pcg-poc\combined_track.log
================================================================================
GENERATING STANDARD 100M SPRINT TRACK
================================================================================

Cleaning up old track actors...
✓ Removed 55 old actors

Building Asphalt Track (6 lanes, 7.32m wide)...
✓ Created 50 mesh segments

Adding Solid Lane Lines...
✓ Created 7 solid lane lines

Adding Start/Finish Lines...
✓ Created Start/Finish markings

================================================================================
✓ 100M TRACK COMPLETE
================================================================================
Lanes: 6 (1.22m each)
Total Width: 7.32m
Features: Solid white lines, Asphalt surface
Log: C:\UnrealProjects\coding\unreal\motion_system_track_based\pcg-poc\combined_track.log
================================================================================
REBUILDING TRACK (V2) - FIXING DECALS
================================================================================

1. Cleaning up scene...
✓ Removed 61 old actors

2. Checking Decal Material...
Creating new decal material: /Game/Materials/M_WhiteLaneDecal
✗ Error: Material: Property 'MaterialDomain' for attribute 'material_domain' on 'Material' is read-only and cannot be set
================================================================================
FIXING TRACK GENERATION (X-AXIS ALIGNMENT)
================================================================================

Cleaning up old track & decals...
✓ Removed 0 old actors

Building 6-Lane Track (7.32m wide)...
✓ Created track mesh

Adding Lane Dividers (X-Axis aligned)...
✓ Created 7 dividers

Adding Start/Finish Lines (Y-Axis aligned)...
✓ Created markings

✓ COMPLETE
================================================================================
FIXING TRACK GENERATION (X-AXIS ALIGNMENT)
================================================================================

Cleaning up old track & decals...
✓ Removed 59 old actors

Building 6-Lane Track (7.32m wide)...
✓ Created track mesh

Adding Lane Dividers (X-Axis aligned)...
✓ Created 7 dividers

Adding Start/Finish Lines (Y-Axis aligned)...
✓ Created markings

✓ COMPLETE
