================================================================================
PCG PYTHON API REFLECTION
================================================================================

================================================================================
CLASS: unreal.PCGGraph
================================================================================

METHODS (35):
  acquire_editor_element_handle(...)
  add_edge(...)
  add_node_copy(...)
  add_node_instance(...)
  add_node_of_type(...)
  call_method(...)
  cast(...)
  force_notification_for_editor(...)
  get_class(...)
  get_const_pcg_graph(...)
  get_default_object(...)
  get_editor_property(...)
  get_fname(...)
  get_full_name(...)
  get_input_node(...)
  get_mutable_pcg_graph(...)
  get_name(...)
  get_outer(...)
  get_outermost(...)
  get_output_node(...)
  get_package(...)
  get_path_name(...)
  get_typed_outer(...)
  get_world(...)
  is_editor_property_overridden(...)
  is_package_external(...)
  modify(...)
  remove_edge(...)
  remove_node(...)
  remove_nodes(...)
  rename(...)
  reset_editor_property(...)
  set_editor_properties(...)
  set_editor_property(...)
  static_class(...)

PROPERTIES (17):
  category
  color
  description
  expose_to_library
  generation_radii
  has_default_constructed_inputs
  ignore_landscape_tracking
  input_node
  is_editor_only
  is_standalone_graph
  is_template
  nodes
  output_node
  override_color
  override_title
  title
  tool_data

================================================================================
CLASS: unreal.PCGNode
================================================================================

METHODS (29):
  acquire_editor_element_handle(...)
  add_edge_to(...)
  call_method(...)
  cast(...)
  get_class(...)
  get_default_object(...)
  get_editor_property(...)
  get_fname(...)
  get_full_name(...)
  get_graph(...)
  get_name(...)
  get_node_position(...)
  get_outer(...)
  get_outermost(...)
  get_package(...)
  get_path_name(...)
  get_settings(...)
  get_typed_outer(...)
  get_world(...)
  is_editor_property_overridden(...)
  is_package_external(...)
  modify(...)
  remove_edge_to(...)
  rename(...)
  reset_editor_property(...)
  set_editor_properties(...)
  set_editor_property(...)
  set_node_position(...)
  static_class(...)

PROPERTIES (5):
  input_pins
  node_title
  node_title_color
  output_pins
  settings_interface

================================================================================
CLASS: unreal.PCGSettings
================================================================================

METHODS (29):
  acquire_editor_element_handle(...)
  bp_get_type_union_of_incident_edges(...)
  call_method(...)
  cast(...)
  const_metadata(...)
  duplicate_data(...)
  duplicate_data_with_context(...)
  get_class(...)
  get_default_object(...)
  get_editor_property(...)
  get_fname(...)
  get_full_name(...)
  get_name(...)
  get_outer(...)
  get_outermost(...)
  get_package(...)
  get_path_name(...)
  get_type_union_id_of_incident_edges(...)
  get_typed_outer(...)
  get_world(...)
  is_editor_property_overridden(...)
  is_package_external(...)
  modify(...)
  mutable_metadata(...)
  rename(...)
  reset_editor_property(...)
  set_editor_properties(...)
  set_editor_property(...)
  static_class(...)

PROPERTIES (11):
  break_debugger
  category
  debug
  debug_settings
  description
  determinism_settings
  enabled
  execution_dependency_required
  expose_to_library
  seed
  use_seed

================================================================================
CLASS: unreal.PCGComponent
================================================================================

METHODS (69):
  acquire_editor_element_handle(...)
  activate(...)
  add_actors_to_managed_resources(...)
  add_asset_user_data_of_class(...)
  add_components_to_managed_resources(...)
  add_tick_prerequisite_actor(...)
  add_tick_prerequisite_component(...)
  add_to_managed_resources(...)
  call_method(...)
  cast(...)
  cleanup(...)
  cleanup_local(...)
  clear_pcg_link(...)
  component_has_tag(...)
  deactivate(...)
  destroy_component(...)
  generate(...)
  generate_local(...)
  get_asset_user_data_of_class(...)
  get_class(...)
  get_component_tick_interval(...)
  get_default_object(...)
  get_editing_mode(...)
  get_editor_property(...)
  get_fname(...)
  get_full_name(...)
  get_generated_graph_output(...)
  get_name(...)
  get_outer(...)
  get_outermost(...)
  get_owner(...)
  get_package(...)
  get_path_name(...)
  get_serialized_editing_mode(...)
  get_typed_outer(...)
  get_world(...)
  has_asset_user_data_of_class(...)
  is_active(...)
  is_being_destroyed(...)
  is_component_tick_enabled(...)
  is_editor_property_overridden(...)
  is_package_external(...)
  modify(...)
  notify_properties_changed_from_blueprint(...)
  receive_async_physics_tick(...)
  receive_begin_play(...)
  receive_end_play(...)
  receive_initialize_component(...)
  receive_tick(...)
  receive_uninitialize_component(...)
  refresh_pcg_runtime_component(...)
  remove_tick_prerequisite_actor(...)
  remove_tick_prerequisite_component(...)
  rename(...)
  reset_editor_property(...)
  set_active(...)
  set_auto_activate(...)
  set_component_tick_enabled(...)
  set_component_tick_interval(...)
  set_component_tick_interval_and_cooldown(...)
  set_editing_mode(...)
  set_editor_properties(...)
  set_editor_property(...)
  set_graph(...)
  set_is_replicated(...)
  set_tick_group(...)
  set_tickable_when_paused(...)
  static_class(...)
  toggle_active(...)

PROPERTIES (31):
  activated
  auto_activate
  component_tags
  dirty_generated
  generate_on_drop_when_trigger_on_demand
  generated
  generation_radii
  generation_trigger
  graph_instance
  ignore_landscape_tracking
  input_type
  is_component_partitioned
  is_editor_only
  on_component_activated
  on_component_deactivated
  on_pcg_graph_cancelled_external
  on_pcg_graph_cleaned_external
  on_pcg_graph_generated_external
  on_pcg_graph_start_generating_external
  only_track_itself
  override_generation_radii
  parse_actor_components
  post_generate_function_names
  regenerate_in_editor
  replicate_using_registered_sub_object_list
  replicates
  scheduling_policy
  scheduling_policy_class
  seed
  tool_data_container
  tracking_priority

================================================================================
CLASS: PCGSurfaceSamplerSettings
================================================================================

METHODS (24):
  acquire_editor_element_handle(...)
  call_method(...)
  cast(...)
  get_class(...)
  get_class_path_name(...)
  get_default_object(...)
  get_editor_property(...)
  get_fname(...)
  get_full_name(...)
  get_name(...)
  get_outer(...)
  get_outermost(...)
  get_package(...)
  get_path_name(...)
  get_typed_outer(...)
  get_world(...)
  is_editor_property_overridden(...)
  is_package_external(...)
  modify(...)
  rename(...)
  reset_editor_property(...)
  set_editor_properties(...)
  set_editor_property(...)
  static_class(...)

PROPERTIES (0):

================================================================================
CLASS: PCGStaticMeshSpawnerSettings
================================================================================

METHODS (24):
  acquire_editor_element_handle(...)
  call_method(...)
  cast(...)
  get_class(...)
  get_class_path_name(...)
  get_default_object(...)
  get_editor_property(...)
  get_fname(...)
  get_full_name(...)
  get_name(...)
  get_outer(...)
  get_outermost(...)
  get_package(...)
  get_path_name(...)
  get_typed_outer(...)
  get_world(...)
  is_editor_property_overridden(...)
  is_package_external(...)
  modify(...)
  rename(...)
  reset_editor_property(...)
  set_editor_properties(...)
  set_editor_property(...)
  static_class(...)

PROPERTIES (0):

================================================================================
TESTING SPECIFIC METHODS
================================================================================

Loading PCG_StadiumGrass...
✓ Loaded: <class 'PCGGraph'>

Trying to access nodes...
  ✗ No get_nodes() method
  ✓ Has 'nodes' property
    Type: <class 'Array'>
    Length: 2

Checking edge methods...
  ✓ Has add_edge()

================================================================================
REFLECTION COMPLETE
================================================================================
================================================================================
CONFIGURING PCG GRAPH
================================================================================

1. Loading PCG Graph...
✓ Loaded graph: <class 'PCGGraph'>

2. Inspecting nodes...
Total nodes: 2
Input node: <Object '/Game/PCG/PCG_StadiumGrass.PCG_StadiumGrass:DefaultInputNode' (0x00000292B5E70200) Class 'PCGNode'>
Output node: <Object '/Game/PCG/PCG_StadiumGrass.PCG_StadiumGrass:DefaultOutputNode' (0x00000292B5E72D00) Class 'PCGNode'>

Node 0:
  Type: PCGSurfaceSamplerSettings
  Title: None
  Input Pins: 12
================================================================================
CONFIGURING PCG GRAPH
================================================================================

1. Loading PCG Graph...
✓ Loaded graph: <class 'PCGGraph'>

2. Inspecting nodes...
Total nodes: 2
Input node: <Object '/Game/PCG/PCG_StadiumGrass.PCG_StadiumGrass:DefaultInputNode' (0x00000292B5E70200) Class 'PCGNode'>
Output node: <Object '/Game/PCG/PCG_StadiumGrass.PCG_StadiumGrass:DefaultOutputNode' (0x00000292B5E72D00) Class 'PCGNode'>

Node 0:
  Type: PCGSurfaceSamplerSettings
  Title: None
  Input Pins: 12
    - Pin_0
    - Pin_1
    - Pin_2
    - Pin_3
    - Pin_4
    - Pin_5
    - Pin_6
    - Pin_7
    - Pin_8
    - Pin_9
    - Pin_10
    - Pin_11
  Output Pins: 1
    - Pin_0
  → Identified as Surface Sampler

Node 1:
  Type: PCGStaticMeshSpawnerSettings
  Title: None
  Input Pins: 6
    - Pin_0
    - Pin_1
    - Pin_2
    - Pin_3
    - Pin_4
    - Pin_5
  Output Pins: 1
    - Pin_0
  → Identified as Static Mesh Spawner

3. Connecting nodes...
Connecting: Surface Sampler.Out → Mesh Spawner.In
✗ Error connecting nodes: 'PCGPin' object has no attribute 'label'

4. Configuring Static Mesh Spawner...
Spawner settings type: <class 'PCGStaticMeshSpawnerSettings'>
✓ Loaded grass mesh: SM_tbdpec3r_VarA
  ✗ Property 'mesh' failed: PCGStaticMeshSpawnerSettings: Failed to find property 'mesh' for attribute 'mesh' on 'PCGStaticMeshSpawnerSettings'
  ✗ Property 'static_mesh' failed: PCGStaticMeshSpawnerSettings: Failed to find property 'static_mesh' for attribute 'static_mesh' on 'PCGStaticMeshSpawnerSettings'
  ✗ Property 'meshes' failed: PCGStaticMeshSpawnerSettings: Failed to find property 'meshes' for attribute 'meshes' on 'PCGStaticMeshSpawnerSettings'

5. Saving graph...
✓ Saved: /Game/PCG/PCG_StadiumGrass

6. Finding PCG Volume...
✗ No PCG Volume found in scene
  You may need to run create_stadium_ground.py first

================================================================================
CONFIGURATION COMPLETE
================================================================================

Check the viewport for generated grass!
If nothing appears, open the PCG Graph in the editor to debug.
================================================================================
DEEP PCG PROPERTY REFLECTION
================================================================================

Loading graph...

================================================================================
PIN OBJECT ANALYSIS
================================================================================

Pin Type: <class 'PCGPin'>
Pin Class: PCGPin

Trying common pin properties:
  ✗ label: PCGPin: Property 'Label' for attribute 'label' on 'PCGPin' is protected and cannot be read
  ✗ name: PCGPin: Failed to find property 'name' for attribute 'name' on 'PCGPin'
  ✗ pin_name: PCGPin: Failed to find property 'pin_name' for attribute 'pin_name' on 'PCGPin'
  ✓ properties = <Struct 'PCGPinProperties' (0x00000291707EC718) {label: "In", usage: Normal, allowed_types: {ids: ((Struct="/Script/CoreUObject.ScriptStruct'/Script/PCG.PCGDataTypeInfoPoint'")), custom_subtype: -1}, allow_multiple_data: True, pin_status: Required, invisible_pin: False, allow_multiple_connections: True}>
  ✗ pin_id: PCGPin: Failed to find property 'pin_id' for attribute 'pin_id' on 'PCGPin'
  ✗ tooltip: PCGPin: Failed to find property 'tooltip' for attribute 'tooltip' on 'PCGPin'

================================================================================
SPAWNER SETTINGS ANALYSIS
================================================================================

Settings Type: <class 'PCGStaticMeshSpawnerSettings'>
Settings Class: PCGStaticMeshSpawnerSettings

Trying mesh properties:

================================================================================
ALTERNATIVE APPROACHES
================================================================================

1. Checking parent classes...

2. Checking settings_interface...
Settings interface: <Object '/Game/PCG/PCG_StadiumGrass.PCG_StadiumGrass:StaticMeshSpawner_0.PCGStaticMeshSpawnerSettings_0' (0x000002901B6A6300) Class 'PCGStaticMeshSpawnerSettings'>
Type: <class 'PCGStaticMeshSpawnerSettings'>

3. Attempting property enumeration...
Class: <Object '/Script/PCG.PCGStaticMeshSpawnerSettings' (0x0000028F564E8C00) Class 'Class'>

================================================================================
TESTING NODE.ADD_EDGE_TO
================================================================================

Trying to connect using node.add_edge_to()...
  ✗ Error: add_edge_to() required argument 'to' (pos 2) not found

================================================================================
REFLECTION COMPLETE
================================================================================
================================================================================
ADD_EDGE_TO METHOD REFLECTION
================================================================================

Surface Sampler: <Object '/Game/PCG/PCG_StadiumGrass.PCG_StadiumGrass:SurfaceSampler_0' (0x00000292B5E7E200) Class 'PCGNode'>
Mesh Spawner: <Object '/Game/PCG/PCG_StadiumGrass.PCG_StadiumGrass:StaticMeshSpawner_0' (0x00000292B5E71600) Class 'PCGNode'>

================================================================================
METHOD SIGNATURE INSPECTION
================================================================================

Method: <built-in method add_edge_to of PCGNode object at 0x0000028FD1F5FC70>
Type: <class 'builtin_function_or_method_with_closure'>

Couldn't get signature via inspect: no signature found for builtin <built-in method add_edge_to of PCGNode object at 0x0000028FD1F5FC70>

--------------------------------------------------------------------------------
HELP OUTPUT:
--------------------------------------------------------------------------------
Help on built-in function add_edge_to:

add_edge_to(...) method of builtins.PCGNode instance
    x.add_edge_to(from_pin_label, to, to_pin_label) -> PCGNode
    Adds an edge in the owning graph to the given "To" node.
    
    Args:
        from_pin_label (Name): 
        to (PCGNode): 
        to_pin_label (Name): 
    
    Returns:
        PCGNode:


================================================================================
TESTING PARAMETER COMBINATIONS
================================================================================

Sampler output pin label: 'Out'
Spawner input pin label: 'In'

1. Testing: add_edge_to(to_node)
   ✗ Error: add_edge_to() required argument 'to' (pos 2) not found

2. Testing: add_edge_to(to_node, from_label)
   ✗ Error: add_edge_to() required argument 'to_pin_label' (pos 3) not found

3. Testing: add_edge_to(to_node, from_label, to_label)
   ✗ Error: PCGNode: Failed to convert parameter 'from_pin_label' when calling function 'PCGNode.AddEdgeTo' on 'SurfaceSampler_0'
  TypeError: NativizeProperty: Cannot nativize 'PCGNode' as 'FromPinLabel' (NameProperty)
    TypeError: Nativize: Cannot nativize 'PCGNode' as 'Name'

4. Testing: add_edge_to(to=to_node, from_pin_label=..., to_pin_label=...)
   ✓ Success! Result: <Object '/Game/PCG/PCG_StadiumGrass.PCG_StadiumGrass:StaticMeshSpawner_0' (0x00000292B5E71600) Class 'PCGNode'>

5. Testing: add_edge_to(to=to_node)
   ✗ Error: add_edge_to() required argument 'from_pin_label' (pos 1) not found

================================================================================
TESTING PCGGraph.add_edge
================================================================================

Testing: pcg_graph.add_edge(from_node, from_label, to_node, to_label)
   ✓ Success! Result: <Object '/Game/PCG/PCG_StadiumGrass.PCG_StadiumGrass:StaticMeshSpawner_0' (0x00000292B5E71600) Class 'PCGNode'>

================================================================================
REFLECTION COMPLETE
================================================================================
================================================================================
FINAL PCG GRASS CONFIGURATION
================================================================================

1. Loading PCG Graph...
✓ Loaded graph

2. Identifying nodes...
✓ Surface Sampler: SurfaceSampler_0
✓ Mesh Spawner: StaticMeshSpawner_0

3. Connecting nodes...
  Pin labels: Input.In → Sampler.Surface → Sampler.Out → Spawner.In → Spawner.Out → Output.Out
  ✓ Input → Surface Sampler
  ✓ Surface Sampler → Mesh Spawner
  ✓ Mesh Spawner → Output

4. Configuring Mesh Spawner...
✓ Loaded grass mesh: SM_tbdpec3r_VarA
  ⚠ Could not find mesh property - may need manual configuration

5. Saving graph...
✓ Saved

6. Setting up PCG Volume...
  Creating new PCG Volume...
  ✓ Created PCG Volume
✓ PCG Volume: Stadium_Grass_PCG_Volume
  ✓ Assigned graph to component

7. Triggering PCG generation...
  ✓ Generation triggered!

🎉 PCG grass generation initiated - check viewport!

================================================================================
CONFIGURATION COMPLETE
================================================================================

Next steps if grass doesn't appear:
1. Open /Game/PCG/PCG_StadiumGrass in editor
2. Manually configure Static Mesh Spawner mesh property
3. Check PCG Volume bounds cover the stadium ground
