================================================================================
[17:47:23] GEOMETRIC ABSTRACT GARDEN - PCG POC STARTED
================================================================================

================================================================================
GENERATING GARDEN...
================================================================================
✓ Cleaned up 158 old garden actors/lights

1. Creating Fibonacci Spiral (Spheres)...
  ✓ Created 20 spheres in Fibonacci spiral

2. Creating Concentric Squares (Cubes)...
  ✓ Created 120 cubes in 5 concentric squares

3. Creating Radial Pillars (Cylinders)...
  ✓ Created 12 radial pillars

4. Adding Lighting...
  Creating key directional light...
    ✓ Key light: Garden_KeyLight
  Creating spiral accent light...
    ✓ Spiral light: Garden_SpiralLight
  Creating squares accent light...
    ✓ Squares light: Garden_SquaresLight
  Creating pillars accent light...

5. Adding Atmosphere...
  ✓ Added purple-tinted volumetric fog

6. Adding Camera...
  ✓ Camera created
    (Select 'Garden_Camera' in outliner and press Pilot to view)

================================================================================
✓ GEOMETRIC ABSTRACT GARDEN COMPLETE!
================================================================================

View the garden:
  1. Select 'Garden_Camera' in World Outliner
  2. Right-click → Pilot 'Garden_Camera'
  3. Or use Perspective viewport to fly around

Patterns created:
  • Fibonacci Spiral: 20 spheres (blue accent) - center
  • Concentric Squares: 5 rings of cubes (purple accent) - right
  • Radial Pillars: 12 cylinders (orange accent) - left
  • Key light (warm) + 3 colored accent lights + volumetric fog
Checking Garden Actors...
Found 158 actors with 'Garden' in label.

Sample Actors:
  [0] Garden_Sphere_0
      Location: <Struct 'Vector' (0x0000027AA6F83440) {x: 0.000000, y: 0.000000, z: 0.000000}>
      Hidden: False
      Mesh: Sphere
      Scale: <Struct 'Vector' (0x0000027AA6F83440) {x: 0.500000, y: 0.500000, z: 0.500000}>
  [1] Garden_Sphere_1
      Location: <Struct 'Vector' (0x0000027AA6F83440) {x: -147.455467, y: 135.118042, z: 0.000000}>
      Hidden: False
      Mesh: Sphere
      Scale: <Struct 'Vector' (0x0000027AA6F83440) {x: 0.575000, y: 0.575000, z: 0.575000}>
  [2] Garden_Sphere_2
      Location: <Struct 'Vector' (0x0000027AA6F83440) {x: 24.651367, y: -281.766411, z: 0.000000}>
      Hidden: False
      Mesh: Sphere
      Scale: <Struct 'Vector' (0x0000027AA6F83440) {x: 0.650000, y: 0.650000, z: 0.650000}>
  [3] Garden_Sphere_3
      Location: <Struct 'Vector' (0x0000027AA6F83440) {x: 210.881145, y: 274.825659, z: 0.000000}>
      Hidden: False
      Mesh: Sphere
      Scale: <Struct 'Vector' (0x0000027AA6F83440) {x: 0.725000, y: 0.725000, z: 0.725000}>
  [4] Garden_Sphere_4
      Location: <Struct 'Vector' (0x0000027AA6F83440) {x: -393.923101, y: -69.459271, z: 0.000000}>
      Hidden: False
      Mesh: Sphere
      Scale: <Struct 'Vector' (0x0000027AA6F83440) {x: 0.800000, y: 0.800000, z: 0.800000}>

✓ Viewports invalidated (forced refresh)
[2026-01-06 17:49:02.044477] Checking Garden Actors...
Found 158 actors with 'Garden' in label.

Sample Actors:
  [0] Garden_Sphere_0
      Location: <Struct 'Vector' (0x0000027AA6F82AE0) {x: 0.000000, y: 0.000000, z: 0.000000}>
      Hidden: False
      Mesh: Sphere
      Scale: <Struct 'Vector' (0x0000027AA6F82AE0) {x: 0.500000, y: 0.500000, z: 0.500000}>
  [1] Garden_Sphere_1
      Location: <Struct 'Vector' (0x0000027AA6F82AE0) {x: -147.455467, y: 135.118042, z: 0.000000}>
      Hidden: False
      Mesh: Sphere
      Scale: <Struct 'Vector' (0x0000027AA6F82AE0) {x: 0.575000, y: 0.575000, z: 0.575000}>
  [2] Garden_Sphere_2
      Location: <Struct 'Vector' (0x0000027AA6F82AE0) {x: 24.651367, y: -281.766411, z: 0.000000}>
      Hidden: False
      Mesh: Sphere
      Scale: <Struct 'Vector' (0x0000027AA6F82AE0) {x: 0.650000, y: 0.650000, z: 0.650000}>
  [3] Garden_Sphere_3
      Location: <Struct 'Vector' (0x0000027AA6F82AE0) {x: 210.881145, y: 274.825659, z: 0.000000}>
      Hidden: False
      Mesh: Sphere
      Scale: <Struct 'Vector' (0x0000027AA6F82AE0) {x: 0.725000, y: 0.725000, z: 0.725000}>
  [4] Garden_Sphere_4
      Location: <Struct 'Vector' (0x0000027AA6F82AE0) {x: -393.923101, y: -69.459271, z: 0.000000}>
      Hidden: False
      Mesh: Sphere
      Scale: <Struct 'Vector' (0x0000027AA6F82AE0) {x: 0.800000, y: 0.800000, z: 0.800000}>

✓ Viewports invalidated (forced refresh)
Moving Viewport Camera...
✓ Viewport camera moved to view the Garden.
}>
  [4] Garden_Sphere_4
      Location: <Struct 'Vector' (0x0000027AA6F83440) {x: -393.923101, y: -69.459271, z: 0.000000}>
      Hidden: False
      Mesh: Sphere
      Scale: <Struct 'Vector' (0x0000027AA6F83440) {x: 0.800000, y: 0.800000, z: 0.800000}>

✓ Viewports invalidated (forced refresh)
[2026-01-06 17:49:02.044477] Checking Garden Actors...
Found 158 actors with 'Garden' in label.

Sample Actors:
  [0] Garden_Sphere_0
      Location: <Struct 'Vector' (0x0000027AA6F82AE0) {x: 0.000000, y: 0.000000, z: 0.000000}>
      Hidden: False
      Mesh: Sphere
      Scale: <Struct 'Vector' (0x0000027AA6F82AE0) {x: 0.500000, y: 0.500000, z: 0.500000}>
  [1] Garden_Sphere_1
      Location: <Struct 'Vector' (0x0000027AA6F82AE0) {x: -147.455467, y: 135.118042, z: 0.000000}>
      Hidden: False
      Mesh: Sphere
      Scale: <Struct 'Vector' (0x0000027AA6F82AE0) {x: 0.575000, y: 0.575000, z: 0.575000}>
  [2] Garden_Sphere_2
      Location: <Struct 'Vector' (0x0000027AA6F82AE0) {x: 24.651367, y: -281.766411, z: 0.000000}>
      Hidden: False
      Mesh: Sphere
      Scale: <Struct 'Vector' (0x0000027AA6F82AE0) {x: 0.650000, y: 0.650000, z: 0.650000}>
  [3] Garden_Sphere_3
      Location: <Struct 'Vector' (0x0000027AA6F82AE0) {x: 210.881145, y: 274.825659, z: 0.000000}>
      Hidden: False
      Mesh: Sphere
      Scale: <Struct 'Vector' (0x0000027AA6F82AE0) {x: 0.725000, y: 0.725000, z: 0.725000}>
  [4] Garden_Sphere_4
      Location: <Struct 'Vector' (0x0000027AA6F82AE0) {x: -393.923101, y: -69.459271, z: 0.000000}>
      Hidden: False
      Mesh: Sphere
      Scale: <Struct 'Vector' (0x0000027AA6F82AE0) {x: 0.800000, y: 0.800000, z: 0.800000}>

✓ Viewports invalidated (forced refresh)
Moving Viewport Camera...
✓ Viewport camera moved to view the Garden.
7.455467, y: 135.118042, z: 0.000000}>
      Hidden: False
      Mesh: Sphere
      Scale: <Struct 'Vector' (0x0000027AA6F82AE0) {x: 0.575000, y: 0.575000, z: 0.575000}>
  [2] Garden_Sphere_2
      Location: <Struct 'Vector' (0x0000027AA6F82AE0) {x: 24.651367, y: -281.766411, z: 0.000000}>
      Hidden: False
      Mesh: Sphere
      Scale: <Struct 'Vector' (0x0000027AA6F82AE0) {x: 0.650000, y: 0.650000, z: 0.650000}>
  [3] Garden_Sphere_3
      Location: <Struct 'Vector' (0x0000027AA6F82AE0) {x: 210.881145, y: 274.825659, z: 0.000000}>
      Hidden: False
      Mesh: Sphere
      Scale: <Struct 'Vector' (0x0000027AA6F82AE0) {x: 0.725000, y: 0.725000, z: 0.725000}>
  [4] Garden_Sphere_4
      Location: <Struct 'Vector' (0x0000027AA6F82AE0) {x: -393.923101, y: -69.459271, z: 0.000000}>
      Hidden: False
      Mesh: Sphere
      Scale: <Struct 'Vector' (0x0000027AA6F82AE0) {x: 0.800000, y: 0.800000, z: 0.800000}>

✓ Viewports invalidated (forced refresh)
Moving Viewport Camera...
✓ Viewport camera moved to view the Garden.
